<?xml version="1.0" encoding="UTF-8"?>
<robot generator="Robot 3.1.1 (Python 3.7.2 on win32)" generated="20190327 18:16:35.842" rpa="false">
<suite id="s1" name="GoogleSuite" source="C:\Users\yvake\IdeaProjects\Robot\src\main\java\GoogleSuite.robot">
<kw name="Open Browser Blank Browser" library="Common" type="setup">
<kw name="Open Browser" library="SeleniumLibrary">
<doc>Opens a new browser instance to the given ``url``.</doc>
<arguments>
<arg>about:blank</arg>
<arg>chrome</arg>
</arguments>
<msg timestamp="20190327 18:16:36.066" level="INFO">Opening browser 'chrome' to base url 'about:blank'.</msg>
<status status="PASS" starttime="20190327 18:16:36.065" endtime="20190327 18:16:38.493"></status>
</kw>
<status status="PASS" starttime="20190327 18:16:36.065" endtime="20190327 18:16:38.493"></status>
</kw>
<test id="s1-t1" name="Search for Products">
<kw name="Open Rozetka" library="Common">
<kw name="Go To" library="SeleniumLibrary">
<doc>Navigates the active browser instance to the provided ``url``.</doc>
<arguments>
<arg>https://rozetka.com.ua/</arg>
</arguments>
<msg timestamp="20190327 18:16:38.494" level="INFO">Opening url 'https://rozetka.com.ua/'</msg>
<status status="PASS" starttime="20190327 18:16:38.494" endtime="20190327 18:16:40.660"></status>
</kw>
<kw name="Wait Until Page Contains" library="SeleniumLibrary">
<doc>Waits until ``text`` appears on current page.</doc>
<arguments>
<arg>Только в Розетке</arg>
</arguments>
<status status="PASS" starttime="20190327 18:16:40.660" endtime="20190327 18:16:40.713"></status>
</kw>
<status status="PASS" starttime="20190327 18:16:38.493" endtime="20190327 18:16:40.714"></status>
</kw>
<status status="PASS" starttime="20190327 18:16:38.493" endtime="20190327 18:16:40.714" critical="yes"></status>
</test>
<kw name="Close Browser 1" library="Common" type="teardown">
<kw name="Close Browser" library="SeleniumLibrary">
<doc>Closes the current browser.</doc>
<status status="PASS" starttime="20190327 18:16:40.716" endtime="20190327 18:16:43.320"></status>
</kw>
<status status="PASS" starttime="20190327 18:16:40.715" endtime="20190327 18:16:43.321"></status>
</kw>
<doc>Suite description</doc>
<status status="PASS" starttime="20190327 18:16:35.847" endtime="20190327 18:16:43.321"></status>
</suite>
<statistics>
<total>
<stat pass="1" fail="0">Critical Tests</stat>
<stat pass="1" fail="0">All Tests</stat>
</total>
<tag>
</tag>
<suite>
<stat pass="1" fail="0" id="s1" name="GoogleSuite">GoogleSuite</stat>
</suite>
</statistics>
<errors>
</errors>
</robot>
